<?xml version="1.0" encoding="UTF-8"?>
<!-- Generated by org.testng.reporters.JUnitReportReporter -->
<testsuite hostname="DESKTOP-TCPDFOB" failures="0" tests="1" name="TestCases.TC_login" time="40.547" errors="0" timestamp="2022-04-17T11:28:35 IST" skipped="0">
  <testcase classname="TestCases.TC_login" name="logintest" time="40.547"/>
  <system-out/>
</testsuite> <!-- TestCases.TC_login -->
